0 info it worked if it ends with ok
1 verbose cli [ 'C:\\Program Files\\nodejs\\node.exe',
1 verbose cli   'C:\\Program Files\\nodejs\\node_modules\\npm\\bin\\npm-cli.js',
1 verbose cli   'install' ]
2 info using npm@2.14.20
3 info using node@v4.4.1
4 verbose readDependencies loading dependencies from D:\Projects\plutus\plutus-ui\package.json
5 warn package.json plutus-ui@1.0.0 No repository field.
6 warn package.json plutus-ui@1.0.0 No README data
7 verbose install where, deps [ 'D:\\Projects\\plutus\\plutus-ui',
7 verbose install   [ 'connect-modrewrite',
7 verbose install     'grunt',
7 verbose install     'grunt-bower-concat',
7 verbose install     'grunt-config',
7 verbose install     'grunt-cachebust-plus',
7 verbose install     'grunt-connect-rewrite',
7 verbose install     'grunt-contrib-clean',
7 verbose install     'grunt-contrib-concat',
7 verbose install     'grunt-contrib-connect',
7 verbose install     'grunt-contrib-copy',
7 verbose install     'grunt-contrib-cssmin',
7 verbose install     'grunt-contrib-jshint',
7 verbose install     'grunt-contrib-uglify',
7 verbose install     'grunt-contrib-watch',
7 verbose install     'grunt-html2js',
7 verbose install     'grunt-ng-annotate',
7 verbose install     'grunt-ng-constant',
7 verbose install     'grunt-open',
7 verbose install     'grunt-shell',
7 verbose install     'load-grunt-tasks' ] ]
8 verbose install where, peers [ 'D:\\Projects\\plutus\\plutus-ui', [] ]
9 verbose installManyTop reading for lifecycle D:\Projects\plutus\plutus-ui\package.json
10 info preinstall plutus-ui@1.0.0
11 verbose installManyTop reading scoped package data from D:\Projects\plutus\plutus-ui\node_modules\connect-modrewrite\package.json
12 verbose installManyTop reading scoped package data from D:\Projects\plutus\plutus-ui\node_modules\grunt\package.json
13 verbose installManyTop reading scoped package data from D:\Projects\plutus\plutus-ui\node_modules\grunt-bower-concat\package.json
14 verbose installManyTop reading scoped package data from D:\Projects\plutus\plutus-ui\node_modules\grunt-cachebust-plus\package.json
15 verbose installManyTop reading scoped package data from D:\Projects\plutus\plutus-ui\node_modules\grunt-config\package.json
16 verbose installManyTop reading scoped package data from D:\Projects\plutus\plutus-ui\node_modules\grunt-connect-rewrite\package.json
17 verbose installManyTop reading scoped package data from D:\Projects\plutus\plutus-ui\node_modules\grunt-contrib-clean\package.json
18 verbose installManyTop reading scoped package data from D:\Projects\plutus\plutus-ui\node_modules\grunt-contrib-concat\package.json
19 verbose installManyTop reading scoped package data from D:\Projects\plutus\plutus-ui\node_modules\grunt-contrib-connect\package.json
20 verbose installManyTop reading scoped package data from D:\Projects\plutus\plutus-ui\node_modules\grunt-contrib-copy\package.json
21 verbose installManyTop reading scoped package data from D:\Projects\plutus\plutus-ui\node_modules\grunt-contrib-cssmin\package.json
22 verbose installManyTop reading scoped package data from D:\Projects\plutus\plutus-ui\node_modules\grunt-contrib-jshint\package.json
23 verbose installManyTop reading scoped package data from D:\Projects\plutus\plutus-ui\node_modules\grunt-contrib-uglify\package.json
24 verbose installManyTop reading scoped package data from D:\Projects\plutus\plutus-ui\node_modules\grunt-contrib-watch\package.json
25 verbose installManyTop reading scoped package data from D:\Projects\plutus\plutus-ui\node_modules\grunt-html2js\package.json
26 verbose installManyTop reading scoped package data from D:\Projects\plutus\plutus-ui\node_modules\grunt-ng-annotate\package.json
27 verbose installManyTop reading scoped package data from D:\Projects\plutus\plutus-ui\node_modules\grunt-ng-constant\package.json
28 verbose installManyTop reading scoped package data from D:\Projects\plutus\plutus-ui\node_modules\grunt-open\package.json
29 verbose installManyTop reading scoped package data from D:\Projects\plutus\plutus-ui\node_modules\grunt-shell\package.json
30 verbose installManyTop reading scoped package data from D:\Projects\plutus\plutus-ui\node_modules\load-grunt-tasks\package.json
31 verbose installManyTop reading scoped package data from D:\Projects\plutus\plutus-ui\node_modules\ng-tags-input\package.json
32 info package.json connect-modrewrite@0.8.5 No license field.
33 info package.json grunt-cachebust-plus@0.1.2 No license field.
34 info package.json grunt-connect-rewrite@0.2.1 No license field.
35 info package.json grunt-contrib-clean@0.6.0 No license field.
36 info package.json grunt-contrib-concat@0.5.1 No license field.
37 info package.json grunt-contrib-connect@0.10.1 No license field.
38 info package.json grunt-contrib-jshint@0.10.0 No license field.
39 info package.json grunt-contrib-watch@0.6.1 No license field.
40 info package.json grunt-html2js@0.3.6 No license field.
41 info package.json grunt-ng-constant@2.0.1 No license field.
42 info package.json grunt-open@0.2.3 No license field.
43 verbose readDependencies loading dependencies from D:\Projects\plutus\plutus-ui\package.json
44 verbose targetResolver reading package data from D:\Projects\plutus\plutus-ui\node_modules\connect-modrewrite\package.json
45 verbose targetResolver reading package data from D:\Projects\plutus\plutus-ui\node_modules\grunt\package.json
46 verbose targetResolver reading package data from D:\Projects\plutus\plutus-ui\node_modules\grunt-bower-concat\package.json
47 verbose targetResolver reading package data from D:\Projects\plutus\plutus-ui\node_modules\grunt-cachebust-plus\package.json
48 verbose targetResolver reading package data from D:\Projects\plutus\plutus-ui\node_modules\grunt-config\package.json
49 verbose targetResolver reading package data from D:\Projects\plutus\plutus-ui\node_modules\grunt-connect-rewrite\package.json
50 verbose targetResolver reading package data from D:\Projects\plutus\plutus-ui\node_modules\grunt-contrib-clean\package.json
51 verbose targetResolver reading package data from D:\Projects\plutus\plutus-ui\node_modules\grunt-contrib-concat\package.json
52 verbose targetResolver reading package data from D:\Projects\plutus\plutus-ui\node_modules\grunt-contrib-connect\package.json
53 verbose targetResolver reading package data from D:\Projects\plutus\plutus-ui\node_modules\grunt-contrib-copy\package.json
54 verbose targetResolver reading package data from D:\Projects\plutus\plutus-ui\node_modules\grunt-contrib-cssmin\package.json
55 verbose targetResolver reading package data from D:\Projects\plutus\plutus-ui\node_modules\grunt-contrib-jshint\package.json
56 verbose targetResolver reading package data from D:\Projects\plutus\plutus-ui\node_modules\grunt-contrib-uglify\package.json
57 verbose targetResolver reading package data from D:\Projects\plutus\plutus-ui\node_modules\grunt-contrib-watch\package.json
58 verbose targetResolver reading package data from D:\Projects\plutus\plutus-ui\node_modules\grunt-html2js\package.json
59 verbose targetResolver reading package data from D:\Projects\plutus\plutus-ui\node_modules\grunt-ng-annotate\package.json
60 verbose targetResolver reading package data from D:\Projects\plutus\plutus-ui\node_modules\grunt-ng-constant\package.json
61 verbose targetResolver reading package data from D:\Projects\plutus\plutus-ui\node_modules\grunt-open\package.json
62 verbose targetResolver reading package data from D:\Projects\plutus\plutus-ui\node_modules\grunt-shell\package.json
63 verbose targetResolver reading package data from D:\Projects\plutus\plutus-ui\node_modules\load-grunt-tasks\package.json
64 verbose targetResolver reading package data from D:\Projects\plutus\plutus-ui\node_modules\ng-tags-input\package.json
65 verbose targetResolver reading package data from D:\Projects\plutus\plutus-ui\node_modules\.bin\grunt\package.json
66 verbose targetResolver reading package data from D:\Projects\plutus\plutus-ui\node_modules\.bin\grunt-open\package.json
67 verbose targetResolver reading package data from D:\Projects\plutus\plutus-ui\node_modules\.bin\grunt-open.cmd\package.json
68 verbose targetResolver reading package data from D:\Projects\plutus\plutus-ui\node_modules\.bin\grunt.cmd\package.json
69 verbose already installed skipping grunt-contrib-jshint@^0.10.0 D:\Projects\plutus\plutus-ui
70 verbose already installed skipping grunt-contrib-uglify@^0.10.0 D:\Projects\plutus\plutus-ui
71 verbose already installed skipping grunt-contrib-watch@^0.6.1 D:\Projects\plutus\plutus-ui
72 verbose already installed skipping grunt-html2js@^0.3.5 D:\Projects\plutus\plutus-ui
73 verbose already installed skipping grunt-ng-annotate@^1.0.1 D:\Projects\plutus\plutus-ui
74 verbose already installed skipping grunt-ng-constant@^2.0.1 D:\Projects\plutus\plutus-ui
75 verbose already installed skipping grunt-open@^0.2.3 D:\Projects\plutus\plutus-ui
76 verbose already installed skipping grunt-shell@^1.2.1 D:\Projects\plutus\plutus-ui
77 verbose already installed skipping load-grunt-tasks@^3.4.1 D:\Projects\plutus\plutus-ui
78 verbose already installed skipping connect-modrewrite@^0.8.5 D:\Projects\plutus\plutus-ui
79 verbose already installed skipping grunt@^1.0.1 D:\Projects\plutus\plutus-ui
80 verbose already installed skipping grunt-bower-concat@^0.6.0 D:\Projects\plutus\plutus-ui
81 verbose already installed skipping grunt-config@^0.4.0 D:\Projects\plutus\plutus-ui
82 verbose already installed skipping grunt-cachebust-plus@^0.1.2 D:\Projects\plutus\plutus-ui
83 verbose already installed skipping grunt-connect-rewrite@^0.2.1 D:\Projects\plutus\plutus-ui
84 verbose already installed skipping grunt-contrib-clean@^0.6.0 D:\Projects\plutus\plutus-ui
85 verbose already installed skipping grunt-contrib-concat@^0.5.1 D:\Projects\plutus\plutus-ui
86 verbose already installed skipping grunt-contrib-connect@^0.10.1 D:\Projects\plutus\plutus-ui
87 verbose already installed skipping grunt-contrib-copy@^0.8.2 D:\Projects\plutus\plutus-ui
88 verbose already installed skipping grunt-contrib-cssmin@^0.14.0 D:\Projects\plutus\plutus-ui
89 silly install resolved []
90 info build D:\Projects\plutus\plutus-ui
91 info linkStuff plutus-ui@1.0.0
92 silly linkStuff plutus-ui@1.0.0 has D:\Projects\plutus as its parent node_modules
93 verbose linkBins plutus-ui@1.0.0
94 verbose linkMans plutus-ui@1.0.0
95 verbose rebuildBundles plutus-ui@1.0.0
96 verbose rebuildBundles [ '.bin',
96 verbose rebuildBundles   'connect-modrewrite',
96 verbose rebuildBundles   'grunt',
96 verbose rebuildBundles   'grunt-bower-concat',
96 verbose rebuildBundles   'grunt-cachebust-plus',
96 verbose rebuildBundles   'grunt-config',
96 verbose rebuildBundles   'grunt-connect-rewrite',
96 verbose rebuildBundles   'grunt-contrib-clean',
96 verbose rebuildBundles   'grunt-contrib-concat',
96 verbose rebuildBundles   'grunt-contrib-connect',
96 verbose rebuildBundles   'grunt-contrib-copy',
96 verbose rebuildBundles   'grunt-contrib-cssmin',
96 verbose rebuildBundles   'grunt-contrib-jshint',
96 verbose rebuildBundles   'grunt-contrib-uglify',
96 verbose rebuildBundles   'grunt-contrib-watch',
96 verbose rebuildBundles   'grunt-html2js',
96 verbose rebuildBundles   'grunt-ng-annotate',
96 verbose rebuildBundles   'grunt-ng-constant',
96 verbose rebuildBundles   'grunt-open',
96 verbose rebuildBundles   'grunt-shell',
96 verbose rebuildBundles   'load-grunt-tasks',
96 verbose rebuildBundles   'ng-tags-input' ]
97 verbose rebuild bundle D:\Projects\plutus\plutus-ui\node_modules\ng-tags-input
98 info build D:\Projects\plutus\plutus-ui\node_modules\ng-tags-input
99 info preinstall ng-tags-input@3.1.1
100 info linkStuff ng-tags-input@3.1.1
101 silly linkStuff ng-tags-input@3.1.1 has D:\Projects\plutus\plutus-ui\node_modules as its parent node_modules
102 verbose linkBins ng-tags-input@3.1.1
103 verbose linkMans ng-tags-input@3.1.1
104 verbose rebuildBundles ng-tags-input@3.1.1
105 info install ng-tags-input@3.1.1
106 info postinstall ng-tags-input@3.1.1
107 info install plutus-ui@1.0.0
108 info postinstall plutus-ui@1.0.0
109 verbose unsafe-perm in lifecycle true
110 info prepublish plutus-ui@1.0.0
111 verbose validateInstall loading D:\Projects\plutus\plutus-ui\package.json for validation
112 verbose stack Error: The package grunt@1.0.1 does not satisfy its siblings' peerDependencies requirements!
112 verbose stack     at C:\Program Files\nodejs\node_modules\npm\lib\install.js:125:32
112 verbose stack     at C:\Program Files\nodejs\node_modules\npm\lib\install.js:268:7
112 verbose stack     at C:\Program Files\nodejs\node_modules\npm\node_modules\read-installed\read-installed.js:142:5
112 verbose stack     at C:\Program Files\nodejs\node_modules\npm\node_modules\read-installed\read-installed.js:263:14
112 verbose stack     at cb (C:\Program Files\nodejs\node_modules\npm\node_modules\slide\lib\async-map.js:47:24)
112 verbose stack     at C:\Program Files\nodejs\node_modules\npm\node_modules\read-installed\read-installed.js:263:14
112 verbose stack     at cb (C:\Program Files\nodejs\node_modules\npm\node_modules\slide\lib\async-map.js:47:24)
112 verbose stack     at C:\Program Files\nodejs\node_modules\npm\node_modules\read-installed\read-installed.js:263:14
112 verbose stack     at cb (C:\Program Files\nodejs\node_modules\npm\node_modules\slide\lib\async-map.js:47:24)
112 verbose stack     at C:\Program Files\nodejs\node_modules\npm\node_modules\read-installed\read-installed.js:263:14
113 verbose cwd D:\Projects\plutus\plutus-ui
114 error Windows_NT 10.0.14393
115 error argv "C:\\Program Files\\nodejs\\node.exe" "C:\\Program Files\\nodejs\\node_modules\\npm\\bin\\npm-cli.js" "install"
116 error node v4.4.1
117 error npm  v2.14.20
118 error code EPEERINVALID
119 error peerinvalid The package grunt@1.0.1 does not satisfy its siblings' peerDependencies requirements!
119 error peerinvalid Peer grunt-bower-concat@0.6.0 wants grunt@~0.4.0
119 error peerinvalid Peer grunt-config@0.4.0 wants grunt@>=0.4.0
119 error peerinvalid Peer grunt-cachebust-plus@0.1.2 wants grunt@~0.4.0
119 error peerinvalid Peer grunt-connect-rewrite@0.2.1 wants grunt@~0.4.1
119 error peerinvalid Peer grunt-contrib-clean@0.6.0 wants grunt@~0.4.0
119 error peerinvalid Peer grunt-contrib-concat@0.5.1 wants grunt@>=0.4.0
119 error peerinvalid Peer grunt-contrib-connect@0.10.1 wants grunt@>=0.4.0
119 error peerinvalid Peer grunt-contrib-copy@0.8.2 wants grunt@>=0.4.0
119 error peerinvalid Peer grunt-contrib-cssmin@0.14.0 wants grunt@>=0.4.0
119 error peerinvalid Peer grunt-contrib-jshint@0.10.0 wants grunt@~0.4.0
119 error peerinvalid Peer grunt-contrib-uglify@0.10.1 wants grunt@>=0.4.0
119 error peerinvalid Peer grunt-contrib-watch@0.6.1 wants grunt@~0.4.0
119 error peerinvalid Peer grunt-html2js@0.3.6 wants grunt@>=0.4.0
119 error peerinvalid Peer grunt-ng-annotate@1.0.1 wants grunt@~0.4.5
119 error peerinvalid Peer grunt-ng-constant@2.0.1 wants grunt@>=0.4.0
119 error peerinvalid Peer grunt-shell@1.3.1 wants grunt@>=0.4.0
119 error peerinvalid Peer load-grunt-tasks@3.5.2 wants grunt@>=0.4.0
120 verbose exit [ 1, true ]
